{
  "RSpec": {
    "coverage": {
      "/Users/achan/repos/basechurch/spec/acceptance/announcements_spec.rb": [
        1,
        1,
        null,
        1,
        4,
        null,
        1,
        6,
        6,
        6,
        6,
        6,
        6,
        null,
        null,
        1,
        2,
        null,
        1,
        1,
        1,
        1,
        1,
        null,
        null,
        null,
        1,
        3,
        2,
        null,
        1,
        null,
        null,
        null,
        null,
        1,
        null,
        null,
        null,
        null,
        1,
        null,
        null,
        null,
        null,
        1,
        null,
        null,
        null,
        null,
        3,
        3,
        3,
        3,
        null,
        2,
        null,
        1,
        1,
        null,
        1,
        1,
        null,
        1,
        null,
        null,
        null,
        1,
        2,
        2,
        null,
        1,
        null,
        1,
        1,
        1,
        null,
        null,
        null,
        1,
        5,
        5,
        null,
        1,
        1,
        1,
        1,
        1,
        null,
        5,
        5,
        5,
        5,
        5,
        null,
        2,
        null,
        1,
        1,
        null,
        1,
        1,
        1,
        null,
        1,
        null,
        null,
        1,
        null,
        1,
        null,
        null,
        null,
        1,
        4,
        4,
        null,
        1,
        null,
        1,
        1,
        1,
        null,
        null,
        1,
        1,
        null,
        null,
        null
      ],
      "/Users/achan/repos/basechurch/spec/rails_helper.rb": [
        null,
        1,
        1,
        1,
        1,
        1,
        null,
        null,
        null,
        null,
        null,
        null,
        null,
        null,
        14,
        null,
        null,
        null,
        1,
        null,
        1,
        null,
        1,
        null,
        null,
        null,
        null,
        1,
        null,
        null,
        null,
        null,
        null,
        null,
        null,
        null,
        null,
        null,
        null,
        null,
        null,
        null,
        1,
        null
      ],
      "/Users/achan/repos/basechurch/config/environment.rb": [
        null,
        1,
        null,
        null,
        1
      ],
      "/Users/achan/repos/basechurch/config/application.rb": [
        1,
        null,
        1,
        null,
        null,
        null,
        1,
        null,
        1,
        1,
        null,
        null,
        null,
        null,
        null,
        null,
        null,
        null,
        null,
        null,
        null,
        null,
        null,
        null,
        null,
        1,
        null,
        1,
        1,
        1,
        1,
        null,
        null,
        null,
        null,
        null,
        null,
        null
      ],
      "/Users/achan/repos/basechurch/config/boot.rb": [
        null,
        1,
        null,
        1,
        1
      ],
      "/Users/achan/repos/basechurch/config/environments/test.rb": [
        1,
        null,
        null,
        null,
        null,
        null,
        null,
        1,
        null,
        null,
        null,
        null,
        1,
        null,
        null,
        1,
        1,
        null,
        null,
        1,
        1,
        null,
        null,
        1,
        null,
        null,
        1,
        null,
        null,
        null,
        null,
        1,
        1,
        null,
        null,
        1,
        null,
        null,
        null,
        null
      ],
      "/Users/achan/repos/basechurch/config/initializers/devise.rb": [
        null,
        null,
        1,
        null,
        null,
        null,
        1,
        null,
        null,
        null,
        null,
        null,
        1,
        null,
        null,
        null,
        null,
        null,
        null,
        null,
        null,
        1,
        null,
        null,
        null,
        null,
        null,
        null,
        null,
        null,
        null,
        null,
        null,
        null,
        null,
        null,
        null,
        null,
        null,
        null,
        null,
        null,
        null,
        1,
        null,
        null,
        null,
        null,
        1,
        null,
        null,
        null,
        null,
        null,
        null,
        null,
        null,
        null,
        null,
        null,
        null,
        null,
        null,
        null,
        null,
        null,
        null,
        null,
        null,
        null,
        null,
        null,
        null,
        null,
        null,
        null,
        null,
        null,
        null,
        1,
        null,
        null,
        null,
        null,
        null,
        null,
        null,
        null,
        null,
        null,
        null,
        null,
        null,
        null,
        null,
        null,
        1,
        null,
        null,
        null,
        null,
        null,
        null,
        null,
        null,
        null,
        null,
        null,
        null,
        null,
        null,
        null,
        null,
        null,
        null,
        null,
        null,
        null,
        null,
        null,
        null,
        1,
        null,
        null,
        null,
        null,
        null,
        null,
        null,
        null,
        null,
        1,
        null,
        null,
        null,
        null,
        null,
        null,
        null,
        null,
        null,
        null,
        1,
        null,
        null,
        null,
        null,
        null,
        null,
        null,
        null,
        null,
        null,
        null,
        null,
        null,
        null,
        null,
        null,
        null,
        null,
        null,
        null,
        null,
        null,
        null,
        null,
        null,
        null,
        null,
        null,
        null,
        null,
        null,
        null,
        null,
        null,
        null,
        null,
        null,
        null,
        null,
        null,
        null,
        null,
        null,
        null,
        null,
        null,
        null,
        null,
        1,
        null,
        null,
        null,
        null,
        null,
        null,
        null,
        null,
        null,
        null,
        null,
        null,
        null,
        null,
        null,
        null,
        null,
        null,
        null,
        null,
        null,
        null,
        null,
        null,
        null,
        null,
        null,
        null,
        null,
        null,
        null,
        null,
        null,
        null,
        null,
        null,
        null,
        1,
        null,
        null,
        null,
        null,
        null,
        null,
        null,
        null,
        null,
        null,
        null,
        null,
        null,
        null,
        null,
        null,
        null,
        null,
        null,
        null,
        null,
        null,
        null,
        null,
        null,
        null,
        null,
        null,
        null
      ],
      "/Users/achan/repos/basechurch/config/initializers/devise_token_auth.rb": [
        1,
        null,
        null,
        null,
        null,
        1,
        null,
        null,
        null,
        1,
        null,
        null,
        null,
        null,
        null,
        null,
        null,
        null,
        null,
        null,
        null,
        null,
        1,
        null
      ],
      "/Users/achan/repos/basechurch/config/initializers/extensions.rb": [
        1
      ],
      "/Users/achan/repos/basechurch/lib/has_attachment.rb": [
        1,
        1,
        null,
        1,
        1,
        7,
        7,
        7,
        null,
        null,
        1,
        null,
        1,
        7,
        7,
        null,
        null,
        1,
        7,
        78,
        null,
        null,
        null,
        1,
        7,
        133,
        null,
        null,
        null,
        1,
        7,
        1054,
        1054,
        null,
        null,
        null,
        1,
        7,
        159,
        null,
        null,
        null,
        null,
        7,
        null,
        7,
        null,
        null,
        null,
        null,
        1
      ],
      "/Users/achan/repos/basechurch/config/initializers/friendly_id.rb": [
        null,
        null,
        null,
        null,
        null,
        null,
        null,
        null,
        null,
        null,
        null,
        1,
        null,
        null,
        null,
        null,
        2,
        null,
        2,
        null,
        null,
        null,
        null,
        null,
        null,
        null,
        null,
        null,
        null,
        null,
        null,
        null,
        null,
        null,
        null,
        null,
        null,
        null,
        null,
        null,
        null,
        null,
        null,
        null,
        null,
        null,
        null,
        null,
        null,
        null,
        null,
        null,
        null,
        null,
        null,
        null,
        null,
        null,
        null,
        null,
        null,
        null,
        null,
        null,
        null,
        null,
        null,
        null,
        null,
        null,
        null,
        null,
        null,
        null,
        null,
        null,
        null,
        null,
        null,
        null,
        null,
        null,
        null,
        null,
        null,
        null,
        null,
        null
      ],
      "/Users/achan/repos/basechurch/config/initializers/jsonapi_resources.rb": [
        1,
        null,
        1,
        1,
        null
      ],
      "/Users/achan/repos/basechurch/config/initializers/omniauth.rb": [
        1,
        0,
        null
      ],
      "/Users/achan/repos/basechurch/config/initializers/rspec_api_documentation.rb": [
        1,
        1,
        1,
        1,
        null,
        59,
        null,
        null,
        null
      ],
      "/Users/achan/repos/basechurch/config/initializers/sidekiq.rb": [
        1,
        0,
        null,
        null,
        1,
        1,
        null
      ],
      "/Users/achan/repos/basechurch/app/settings/redis_settings.rb": [
        1,
        1,
        1,
        null
      ],
      "/Users/achan/repos/basechurch/config/initializers/wrap_parameters.rb": [
        null,
        null,
        null,
        null,
        null,
        null,
        null,
        null,
        null,
        null,
        null,
        null,
        null
      ],
      "/Users/achan/repos/basechurch/app/middleware/selective_stack.rb": [
        1,
        1,
        1,
        null,
        null,
        1,
        60,
        0,
        null,
        60,
        null,
        null,
        null,
        1,
        null,
        1,
        null,
        0,
        0,
        0,
        0,
        0,
        null,
        0,
        null,
        null
      ],
      "/Users/achan/repos/basechurch/app/settings/secrets.rb": [
        1,
        1,
        0,
        null,
        1,
        null,
        null,
        1,
        null
      ],
      "/Users/achan/repos/basechurch/config/routes.rb": [
        1,
        1,
        null,
        null,
        null,
        null,
        null,
        1,
        1,
        null,
        1,
        1,
        null,
        1,
        null,
        null,
        1,
        1,
        null,
        1,
        null,
        null,
        1,
        1,
        null,
        1,
        1,
        1,
        null,
        null,
        1,
        null,
        1,
        1,
        null,
        null,
        1,
        1,
        null,
        1,
        null,
        null,
        1,
        null,
        null,
        null,
        1,
        null
      ],
      "/Users/achan/repos/basechurch/app/models/user.rb": [
        1,
        null,
        null,
        1,
        null,
        null,
        1,
        null,
        1,
        null
      ],
      "/Users/achan/repos/basechurch/app/resources/api/v1/group_resource.rb": [
        1,
        1,
        null,
        null,
        null,
        null,
        null,
        null,
        null,
        null,
        1,
        null,
        1,
        null,
        1,
        null,
        1,
        3,
        null,
        1,
        null,
        2,
        null,
        null,
        null
      ],
      "/Users/achan/repos/basechurch/app/models/group.rb": [
        1,
        1,
        null,
        1,
        null,
        1,
        1,
        null,
        null,
        null,
        1,
        1,
        1,
        null,
        1,
        1,
        null,
        1,
        null,
        1,
        null
      ],
      "/Users/achan/repos/basechurch/app/resources/api/v1/post_resource.rb": [
        1,
        1,
        1,
        null,
        1,
        null,
        null,
        null,
        null,
        null,
        null,
        null,
        1,
        1,
        null,
        1,
        1,
        1,
        null,
        1,
        1,
        4,
        null,
        3,
        null,
        null,
        1,
        7,
        null,
        null,
        1,
        6,
        null,
        null,
        1,
        4,
        null,
        null,
        1,
        null,
        1,
        4,
        null,
        null,
        1,
        4,
        null,
        null
      ],
      "/Users/achan/repos/basechurch/app/models/post.rb": [
        1,
        1,
        null,
        1,
        null,
        1,
        1,
        1,
        null,
        1,
        1,
        1,
        1,
        1,
        null,
        1,
        null,
        1,
        null,
        1,
        null,
        1,
        null,
        1,
        null,
        1,
        null,
        1,
        118,
        null,
        null,
        1,
        106,
        105,
        null,
        1,
        null,
        null,
        null,
        1,
        242,
        null,
        null,
        1,
        242,
        242,
        null,
        null
      ],
      "/Users/achan/repos/basechurch/app/validators/iso8601_validator.rb": [
        1,
        1,
        128,
        null,
        4,
        4,
        2,
        2,
        null,
        null,
        null
      ],
      "/Users/achan/repos/basechurch/app/resources/api/v1/sermon_resource.rb": [
        1,
        1,
        1,
        null,
        1,
        1,
        null,
        1,
        3,
        null,
        null,
        1,
        4,
        null,
        null
      ],
      "/Users/achan/repos/basechurch/app/models/sermon.rb": [
        1,
        1,
        null,
        1,
        null,
        1,
        1,
        1,
        null,
        1,
        1,
        null
      ],
      "/Users/achan/repos/basechurch/app/resources/api/v1/bulletin_resource.rb": [
        1,
        1,
        null,
        1,
        null,
        1,
        1,
        1,
        null,
        1,
        1,
        null,
        1,
        7,
        null,
        2,
        null,
        2,
        null,
        3,
        null,
        null,
        null
      ],
      "/Users/achan/repos/basechurch/app/models/bulletin.rb": [
        1,
        1,
        1,
        1,
        1,
        1,
        null,
        1,
        1,
        null,
        4,
        21,
        15,
        9,
        33,
        null,
        1,
        7,
        null,
        null,
        null,
        null,
        5,
        null,
        null,
        7,
        5,
        null,
        3,
        null,
        null,
        1,
        7,
        null,
        null,
        null,
        null,
        5,
        null,
        null,
        7,
        5,
        null,
        3,
        null,
        null,
        1,
        16,
        null,
        null
      ],
      "/Users/achan/repos/basechurch/app/resources/api/v1/announcement_resource.rb": [
        1,
        1,
        null,
        1,
        1,
        null,
        1,
        1,
        null,
        1,
        9,
        null,
        2,
        null,
        null,
        1,
        null,
        null,
        6,
        null,
        null,
        null,
        1,
        1,
        1,
        null,
        null,
        1,
        null,
        null,
        1,
        2,
        2,
        null,
        1,
        null,
        null,
        null
      ],
      "/Users/achan/repos/basechurch/app/models/announcement.rb": [
        1,
        1,
        1,
        null,
        1,
        null,
        1,
        1,
        1,
        null
      ],
      "/Users/achan/repos/basechurch/app/resources/api/v1/user_resource.rb": [
        1,
        1,
        null
      ],
      "/Users/achan/repos/basechurch/app/helpers/application_helper.rb": [
        1,
        null
      ],
      "/Users/achan/repos/basechurch/spec/support/devise.rb": [
        1,
        1,
        null
      ],
      "/Users/achan/repos/basechurch/spec/support/factories/announcements.rb": [
        1,
        1,
        1,
        1,
        58,
        null,
        null
      ],
      "/Users/achan/repos/basechurch/spec/support/factories/attachments.rb": [
        1,
        1,
        1,
        null,
        null
      ],
      "/Users/achan/repos/basechurch/spec/support/factories/bulletins.rb": [
        1,
        1,
        1,
        60,
        null,
        1,
        16,
        16,
        16,
        null,
        null,
        1,
        1,
        1,
        null,
        null,
        1,
        14,
        null,
        null,
        null,
        null,
        null,
        null
      ],
      "/Users/achan/repos/basechurch/spec/support/factories/groups.rb": [
        1,
        1,
        296,
        298,
        298,
        298,
        null,
        1,
        7,
        7,
        7,
        null,
        null,
        null
      ],
      "/Users/achan/repos/basechurch/spec/support/factories/posts.rb": [
        1,
        1,
        1,
        1,
        1,
        1,
        null,
        1,
        1,
        null,
        null,
        1,
        5,
        5,
        5,
        5,
        null,
        null,
        null
      ],
      "/Users/achan/repos/basechurch/spec/support/factories/sermons.rb": [
        1,
        1,
        1,
        33,
        32,
        32,
        null,
        1,
        2,
        2,
        2,
        2,
        2,
        null,
        null,
        null
      ],
      "/Users/achan/repos/basechurch/spec/support/factories/users.rb": [
        1,
        1,
        1,
        160,
        1,
        160,
        1,
        null,
        null
      ],
      "/Users/achan/repos/basechurch/spec/support/factory_girl.rb": [
        1,
        1,
        null
      ],
      "/Users/achan/repos/basechurch/spec/support/request_helpers.rb": [
        1,
        1,
        1,
        0,
        null,
        null,
        null
      ],
      "/Users/achan/repos/basechurch/spec/support/shared_examples/authenticated_action.rb": [
        1,
        22,
        76,
        null,
        null,
        22,
        132,
        22,
        22,
        null,
        null,
        22,
        22,
        null,
        null,
        null,
        1,
        0,
        0,
        null,
        null
      ],
      "/Users/achan/repos/basechurch/spec/support/shared_examples/has_attachment.rb": [
        null,
        null,
        null,
        null,
        null,
        null,
        null,
        1,
        6,
        6,
        6,
        6,
        null,
        null,
        6,
        6,
        null,
        null,
        6,
        12,
        null,
        6,
        6,
        12,
        12,
        null,
        null,
        null,
        null,
        6,
        24,
        6,
        null,
        null,
        6,
        12,
        6,
        6,
        null,
        null,
        null,
        null,
        null,
        6,
        6,
        null,
        null,
        null,
        6,
        18,
        6,
        12,
        null,
        null,
        6,
        6,
        null,
        null,
        6,
        6,
        6,
        6,
        6,
        null,
        6,
        6,
        null,
        null,
        null,
        null
      ],
      "/Users/achan/repos/basechurch/spec/support/shared_examples/s3_signing.rb": [
        null,
        null,
        1,
        4,
        4,
        4,
        null,
        4,
        8,
        null,
        null,
        4,
        8,
        null,
        null,
        null,
        null,
        4,
        null,
        4,
        4,
        null,
        null
      ],
      "/Users/achan/repos/basechurch/spec/acceptance/bulletins_spec.rb": [
        1,
        1,
        null,
        1,
        9,
        null,
        1,
        8,
        8,
        8,
        8,
        8,
        8,
        null,
        null,
        1,
        3,
        null,
        1,
        2,
        null,
        null,
        1,
        2,
        null,
        null,
        1,
        1,
        null,
        1,
        null,
        1,
        null,
        null,
        1,
        1,
        null,
        1,
        null,
        1,
        null,
        null,
        null,
        1,
        2,
        2,
        null,
        1,
        null,
        1,
        1,
        1,
        null,
        null,
        null,
        1,
        3,
        1,
        2,
        null,
        null,
        null,
        null,
        3,
        null,
        1,
        null,
        1,
        1,
        null,
        null,
        null,
        null,
        null,
        1,
        null,
        1,
        1,
        null,
        null,
        1,
        1,
        null,
        null,
        1,
        null,
        1,
        null,
        null,
        null,
        null,
        null,
        1,
        null,
        1,
        1,
        null,
        null,
        null,
        1,
        3,
        1,
        2,
        null,
        null,
        null,
        null,
        3,
        null,
        1,
        null,
        1,
        1,
        null,
        null,
        null,
        null,
        null,
        1,
        null,
        1,
        1,
        null,
        null,
        1,
        1,
        null,
        1,
        null,
        null,
        null,
        null,
        null,
        1,
        null,
        1,
        1,
        null,
        null,
        null,
        1,
        5,
        2,
        null,
        1,
        null,
        null,
        null,
        null,
        1,
        null,
        null,
        null,
        null,
        1,
        null,
        null,
        null,
        1,
        1,
        null,
        null,
        null,
        1,
        null,
        null,
        null,
        null,
        1,
        null,
        null,
        null,
        null,
        5,
        5,
        1,
        4,
        null,
        1,
        4,
        null,
        5,
        5,
        5,
        5,
        5,
        null,
        2,
        null,
        1,
        1,
        null,
        1,
        null,
        1,
        1,
        1,
        null,
        1,
        null,
        null,
        1,
        null,
        1,
        null,
        null,
        null,
        1,
        3,
        1,
        null,
        null
      ],
      "/Users/achan/repos/basechurch/spec/acceptance/groups_spec.rb": [
        1,
        1,
        null,
        1,
        5,
        null,
        1,
        5,
        5,
        5,
        5,
        5,
        5,
        5,
        5,
        5,
        5,
        5,
        5,
        null,
        null,
        1,
        2,
        null,
        1,
        1,
        1,
        1,
        1,
        null,
        null,
        null,
        1,
        2,
        2,
        null,
        1,
        null,
        1,
        1,
        1,
        null,
        null,
        null,
        1,
        2,
        2,
        null,
        1,
        null,
        1,
        1,
        1,
        null,
        null,
        null,
        1,
        3,
        1,
        null,
        null
      ],
      "/Users/achan/repos/basechurch/spec/acceptance/posts_spec.rb": [
        1,
        1,
        null,
        1,
        5,
        null,
        1,
        6,
        6,
        6,
        6,
        6,
        6,
        6,
        6,
        6,
        null,
        null,
        1,
        2,
        2,
        null,
        1,
        null,
        1,
        1,
        1,
        null,
        null,
        null,
        1,
        2,
        null,
        1,
        1,
        1,
        1,
        1,
        null,
        null,
        null,
        1,
        5,
        2,
        null,
        1,
        null,
        null,
        null,
        null,
        1,
        null,
        null,
        null,
        1,
        null,
        null,
        null,
        1,
        null,
        1,
        null,
        null,
        null,
        null,
        1,
        1,
        null,
        1,
        null,
        null,
        null,
        null,
        1,
        null,
        null,
        null,
        null,
        5,
        5,
        1,
        4,
        null,
        1,
        4,
        null,
        5,
        5,
        5,
        5,
        5,
        5,
        null,
        2,
        null,
        1,
        1,
        null,
        1,
        null,
        1,
        1,
        1,
        1,
        1,
        null,
        1,
        null,
        null,
        1,
        null,
        1,
        null,
        null,
        null,
        1,
        5,
        5,
        5,
        null,
        1,
        null,
        null,
        null,
        null,
        1,
        null,
        null,
        null,
        null,
        1,
        null,
        null,
        null,
        1,
        null,
        null,
        null,
        1,
        null,
        1,
        null,
        null,
        null,
        null,
        1,
        1,
        null,
        1,
        null,
        null,
        null,
        null,
        1,
        null,
        null,
        null,
        null,
        5,
        5,
        5,
        1,
        4,
        null,
        1,
        4,
        null,
        5,
        5,
        5,
        5,
        5,
        5,
        null,
        3,
        null,
        1,
        1,
        null,
        1,
        1,
        1,
        1,
        1,
        null,
        1,
        null,
        null,
        1,
        null,
        1,
        1,
        null,
        null,
        null,
        1,
        3,
        1,
        null,
        null
      ],
      "/Users/achan/repos/basechurch/spec/acceptance/sermons_spec.rb": [
        1,
        1,
        null,
        1,
        3,
        null,
        1,
        3,
        3,
        3,
        3,
        3,
        3,
        3,
        3,
        3,
        3,
        3,
        null,
        null,
        1,
        2,
        2,
        null,
        1,
        null,
        1,
        1,
        1,
        null,
        null,
        null,
        1,
        5,
        2,
        null,
        1,
        null,
        null,
        null,
        null,
        1,
        null,
        null,
        null,
        null,
        1,
        null,
        null,
        null,
        1,
        null,
        null,
        null,
        1,
        null,
        null,
        null,
        null,
        1,
        1,
        1,
        1,
        null,
        1,
        null,
        null,
        null,
        null,
        1,
        null,
        null,
        null,
        null,
        5,
        5,
        1,
        4,
        null,
        1,
        4,
        null,
        1,
        4,
        null,
        5,
        5,
        5,
        5,
        5,
        5,
        5,
        null,
        2,
        null,
        1,
        1,
        null,
        1,
        null,
        1,
        1,
        1,
        1,
        1,
        1,
        null,
        1,
        null,
        null,
        1,
        null,
        1,
        null,
        null,
        null,
        1,
        5,
        5,
        5,
        2,
        null,
        1,
        null,
        null,
        null,
        null,
        1,
        null,
        null,
        null,
        null,
        1,
        null,
        null,
        null,
        null,
        1,
        null,
        null,
        null,
        1,
        null,
        null,
        null,
        1,
        null,
        null,
        null,
        null,
        1,
        1,
        1,
        1,
        null,
        1,
        null,
        null,
        null,
        null,
        1,
        null,
        null,
        null,
        null,
        5,
        1,
        5,
        1,
        4,
        null,
        1,
        4,
        null,
        1,
        4,
        null,
        5,
        5,
        5,
        5,
        5,
        5,
        5,
        null,
        2,
        null,
        1,
        1,
        null,
        1,
        null,
        1,
        1,
        1,
        1,
        1,
        1,
        null,
        1,
        null,
        null,
        1,
        null,
        1,
        null,
        null,
        null,
        1,
        3,
        1,
        null,
        null
      ],
      "/Users/achan/repos/basechurch/spec/acceptance/users_spec.rb": [
        1,
        1,
        null,
        1,
        3,
        null,
        1,
        4,
        4,
        4,
        4,
        4,
        null,
        null,
        1,
        3,
        null,
        1,
        1,
        1,
        1,
        1,
        null,
        null,
        null,
        1,
        2,
        2,
        null,
        1,
        null,
        1,
        1,
        1,
        null,
        null,
        null,
        1,
        5,
        5,
        null,
        1,
        1,
        1,
        null,
        5,
        5,
        5,
        null,
        1,
        1,
        1,
        null,
        null,
        1,
        1,
        1,
        null,
        null,
        null
      ],
      "/Users/achan/repos/basechurch/spec/controllers/registrations_controller_spec.rb": [
        1,
        null,
        1,
        1,
        1,
        1,
        null,
        null,
        null,
        null,
        null,
        2,
        2,
        null,
        1,
        1,
        null,
        null,
        1,
        4,
        1,
        null,
        null,
        null
      ],
      "/Users/achan/repos/basechurch/app/controllers/registrations_controller.rb": [
        1,
        1,
        1,
        1,
        1,
        null,
        null
      ],
      "/Users/achan/repos/basechurch/app/controllers/application_controller.rb": [
        1,
        1,
        null,
        1,
        null
      ],
      "/Users/achan/repos/basechurch/spec/controllers/sessions_controller_spec.rb": [
        1,
        null,
        1,
        1,
        2,
        2,
        null,
        1,
        1,
        1,
        null,
        null,
        1,
        1,
        1,
        1,
        null,
        null,
        null
      ],
      "/Users/achan/repos/basechurch/app/controllers/sessions_controller.rb": [
        1,
        1,
        1,
        1,
        1,
        null,
        null
      ],
      "/Users/achan/repos/basechurch/spec/lib/random_filename_spec.rb": [
        1,
        null,
        1,
        5,
        null,
        1,
        5,
        null,
        1,
        2,
        null,
        2,
        null,
        null,
        1,
        2,
        null,
        2,
        null,
        null,
        1,
        2,
        null,
        2,
        null,
        null,
        1,
        2,
        null,
        2,
        null,
        null,
        null
      ],
      "/Users/achan/repos/basechurch/app/lib/random_filename.rb": [
        1,
        1,
        null,
        1,
        13,
        null,
        null,
        1,
        12,
        null,
        null,
        1,
        null,
        1,
        12,
        null,
        9,
        null,
        3,
        null,
        null,
        null
      ],
      "/Users/achan/repos/basechurch/spec/lib/s3_signer_spec.rb": [
        1,
        null,
        1,
        1,
        1,
        1,
        null,
        null,
        1,
        null,
        null,
        null,
        1,
        null,
        null,
        null,
        null,
        null,
        null,
        1,
        null,
        null,
        1,
        1,
        null,
        null,
        null,
        1,
        1,
        1,
        null,
        1,
        1,
        1,
        1,
        1,
        1,
        1,
        1,
        null,
        null,
        null
      ],
      "/Users/achan/repos/basechurch/app/lib/s3_signer.rb": [
        1,
        1,
        null,
        1,
        13,
        null,
        null,
        1,
        9,
        9,
        null,
        null,
        null,
        null,
        null,
        null,
        null,
        null,
        null,
        null,
        null,
        null,
        9,
        null,
        null,
        1,
        null,
        1,
        18,
        null,
        null,
        1,
        null,
        null,
        null,
        null,
        null,
        null,
        null,
        null,
        null,
        null,
        null,
        null,
        18,
        null,
        null,
        1,
        9,
        null,
        null,
        null,
        null,
        null,
        null,
        null,
        null
      ],
      "/Users/achan/repos/basechurch/spec/models/announcement_spec.rb": [
        1,
        null,
        1,
        1,
        1,
        1,
        1,
        null,
        null,
        1,
        1,
        null,
        1,
        null,
        null,
        null,
        1,
        1,
        1,
        null,
        null,
        1,
        1,
        null,
        null,
        1,
        1,
        null,
        1,
        null,
        null,
        null,
        null
      ],
      "/Users/achan/repos/basechurch/spec/models/bulletin_spec.rb": [
        1,
        null,
        1,
        1,
        1,
        2,
        2,
        null,
        2,
        null,
        1,
        1,
        null,
        null,
        null,
        1,
        2,
        2,
        null,
        2,
        null,
        1,
        1,
        null,
        null,
        null,
        1,
        1,
        1,
        null,
        null,
        null,
        null,
        1,
        1,
        1,
        null,
        null,
        1,
        1,
        null,
        null,
        null,
        null,
        1,
        11,
        1,
        null,
        10,
        null,
        null,
        null,
        null,
        null,
        1,
        10,
        10,
        10,
        null,
        null,
        1,
        1,
        1,
        null,
        null,
        1,
        1,
        2,
        2,
        null,
        null,
        2,
        null,
        2,
        null,
        1,
        2,
        null,
        1,
        1,
        null,
        null,
        null,
        null,
        1,
        3,
        null,
        2,
        null,
        2,
        null,
        1,
        2,
        null,
        1,
        1,
        null,
        null,
        null,
        null,
        null,
        1,
        1,
        1,
        null,
        null,
        1,
        1,
        2,
        2,
        null,
        null,
        2,
        null,
        2,
        null,
        1,
        2,
        null,
        1,
        1,
        null,
        null,
        null,
        null,
        1,
        3,
        null,
        2,
        null,
        2,
        null,
        1,
        2,
        null,
        1,
        1,
        null,
        null,
        null,
        null,
        null,
        null,
        1,
        1,
        1,
        null,
        null,
        1,
        1,
        null,
        null,
        1,
        1,
        null,
        null,
        null,
        1,
        1,
        1,
        1,
        null,
        null,
        null,
        null,
        1,
        1,
        1,
        null,
        null,
        null,
        null,
        1,
        2,
        null,
        1,
        1,
        null,
        null,
        null,
        1,
        7,
        7,
        2,
        3,
        1,
        null,
        null
      ],
      "/Users/achan/repos/basechurch/spec/models/group_spec.rb": [
        1,
        null,
        1,
        1,
        1,
        1,
        null,
        null,
        1,
        1,
        null,
        null,
        1,
        2,
        null,
        1,
        1,
        null,
        null,
        null,
        1,
        1,
        null,
        null,
        1,
        1,
        null,
        1,
        null,
        null,
        1,
        1,
        null,
        null,
        1,
        1,
        null,
        1,
        null,
        null,
        1,
        1,
        null,
        null,
        1,
        1,
        null,
        1,
        null,
        null,
        null,
        1,
        7,
        7,
        2,
        3,
        1,
        null,
        null,
        1,
        7,
        7,
        2,
        3,
        1,
        null,
        null,
        1,
        1,
        2,
        null,
        2,
        null,
        1,
        1,
        null,
        null,
        null,
        1,
        2,
        null,
        1,
        1,
        null,
        null,
        null,
        null
      ],
      "/Users/achan/repos/basechurch/spec/models/post_spec.rb": [
        1,
        null,
        1,
        1,
        7,
        7,
        2,
        3,
        1,
        null,
        null,
        1,
        1,
        1,
        null,
        null,
        1,
        2,
        null,
        2,
        null,
        null,
        null,
        1,
        1,
        2,
        null,
        2,
        null,
        null,
        1,
        2,
        null,
        2,
        null,
        null,
        null,
        1,
        1,
        1,
        null,
        null,
        1,
        1,
        null,
        null,
        1,
        1,
        null,
        null,
        1,
        1,
        null,
        null,
        1,
        1,
        1,
        null,
        null,
        1,
        2,
        null,
        1,
        1,
        1,
        null,
        null,
        null,
        null,
        null,
        null,
        1,
        1,
        2,
        1,
        1,
        null,
        null,
        1,
        1,
        null,
        null,
        null,
        1,
        1,
        1,
        null,
        null,
        1,
        1,
        null,
        null,
        1,
        2,
        null,
        1,
        1,
        null,
        null,
        1,
        1,
        null,
        null,
        1,
        4,
        null,
        null,
        null,
        null,
        null,
        1,
        1,
        1,
        2,
        null,
        1,
        1,
        null,
        null,
        null,
        1,
        1,
        1,
        null,
        null,
        null,
        1,
        1,
        null,
        null,
        null,
        null,
        null,
        1,
        1,
        1,
        1,
        null,
        null,
        null,
        1,
        1,
        null,
        null,
        null,
        null,
        1,
        2,
        null,
        1,
        1,
        null,
        null,
        null,
        null,
        null
      ],
      "/Users/achan/repos/basechurch/spec/models/sermon_spec.rb": [
        1,
        null,
        1,
        1,
        1,
        1,
        null,
        null,
        1,
        1,
        null,
        null,
        1,
        1,
        null,
        null,
        1,
        1,
        null,
        null,
        null,
        1,
        2,
        null,
        1,
        1,
        1,
        null,
        1,
        null,
        null,
        null,
        1,
        7,
        7,
        2,
        3,
        1,
        null,
        null,
        1,
        7,
        7,
        2,
        3,
        1,
        null,
        null
      ],
      "/Users/achan/repos/basechurch/spec/models/user_spec.rb": [
        1,
        null,
        1,
        null
      ],
      "/Users/achan/repos/basechurch/spec/resources/api/v1/announcement_resource_spec.rb": [
        1,
        null,
        1,
        5,
        4,
        5,
        5,
        null,
        1,
        1,
        1,
        1,
        null,
        null,
        2,
        2,
        null,
        2,
        null,
        2,
        null,
        null,
        1,
        1,
        2,
        null,
        null,
        3,
        2,
        null,
        3,
        null,
        2,
        null,
        1,
        2,
        null,
        1,
        2,
        null,
        null,
        null,
        null,
        1,
        1,
        1,
        null,
        null,
        2,
        1,
        1,
        null,
        null,
        null,
        2,
        1,
        1,
        null,
        null,
        null,
        null,
        1,
        1,
        null,
        null,
        null,
        1,
        null,
        1,
        null,
        1,
        null,
        null,
        null,
        1,
        null,
        null,
        null,
        1,
        null,
        null,
        2,
        null,
        null,
        null
      ],
      "/Users/achan/repos/basechurch/spec/resources/api/v1/bulletin_resource_spec.rb": [
        1,
        null,
        1,
        1,
        5,
        null,
        6,
        null,
        6,
        null,
        2,
        2,
        2,
        2,
        2,
        null,
        1,
        6,
        5,
        6,
        null,
        1,
        5,
        null,
        null,
        1,
        2,
        2,
        null,
        2,
        null,
        null,
        1,
        3,
        2,
        1,
        2,
        null,
        null,
        1,
        2,
        2,
        2,
        null,
        null,
        2,
        null,
        1,
        2,
        null,
        2,
        null,
        null,
        null,
        1,
        3,
        2,
        1,
        2,
        null,
        null,
        1,
        2,
        2,
        2,
        2,
        null,
        null,
        2,
        null,
        1,
        2,
        null,
        2,
        null,
        null,
        null,
        null
      ],
      "/Users/achan/repos/basechurch/spec/resources/api/v1/group_resource_spec.rb": [
        1,
        null,
        1,
        1,
        12,
        null,
        null,
        null,
        3,
        null,
        11,
        null,
        2,
        2,
        2,
        2,
        2,
        2,
        2,
        2,
        2,
        2,
        null,
        1,
        3,
        null,
        1,
        2,
        null,
        null,
        1,
        2,
        2,
        null,
        2,
        null,
        2,
        null,
        null,
        1,
        2,
        2,
        null,
        1,
        1,
        1,
        1,
        null,
        null,
        2,
        null,
        null,
        null
      ],
      "/Users/achan/repos/basechurch/spec/resources/api/v1/post_resource_spec.rb": [
        1,
        null,
        1,
        10,
        7,
        2,
        null,
        6,
        null,
        1,
        10,
        10,
        null,
        null,
        2,
        2,
        2,
        2,
        null,
        1,
        2,
        2,
        null,
        null,
        1,
        2,
        2,
        null,
        null,
        1,
        5,
        5,
        5,
        null,
        1,
        4,
        null,
        null,
        1,
        3,
        2,
        1,
        2,
        null,
        3,
        null,
        2,
        null,
        1,
        2,
        null,
        2,
        null,
        null,
        null,
        1,
        3,
        2,
        1,
        2,
        null,
        null,
        1,
        2,
        2,
        2,
        null,
        null,
        2,
        null,
        1,
        2,
        null,
        2,
        null,
        null,
        null,
        null
      ],
      "/Users/achan/repos/basechurch/spec/resources/api/v1/sermon_resource_spec.rb": [
        1,
        null,
        1,
        1,
        7,
        null,
        null,
        null,
        1,
        null,
        8,
        null,
        2,
        2,
        2,
        2,
        2,
        2,
        2,
        null
      ],
      "/Users/achan/repos/basechurch/spec/resources/api/v1/user_resource_spec.rb": [
        1,
        null,
        1,
        4,
        4,
        null,
        4,
        null,
        2,
        2,
        2,
        null
      ],
      "/Users/achan/repos/basechurch/spec/routing/announcements_routing_spec.rb": [
        1,
        null,
        1,
        1,
        1,
        2,
        null,
        1,
        1,
        null,
        null,
        null,
        null,
        null
      ],
      "/Users/achan/repos/basechurch/spec/routing/bulletins_routing_spec.rb": [
        1,
        null,
        1,
        1,
        2,
        2,
        null,
        1,
        1,
        null,
        null,
        null,
        null,
        null,
        null,
        1,
        2,
        2,
        null,
        1,
        1,
        null,
        null,
        null,
        null,
        null,
        null,
        1,
        2,
        2,
        null,
        1,
        1,
        null,
        null,
        null,
        null,
        null,
        null,
        1,
        2,
        null,
        1,
        1,
        null,
        null,
        null,
        null,
        null,
        null,
        1,
        1,
        2,
        null,
        1,
        1,
        null,
        null,
        null,
        null,
        null,
        1,
        2,
        null,
        1,
        1,
        null,
        null,
        null,
        null,
        null
      ],
      "/Users/achan/repos/basechurch/spec/routing/groups_routing_spec.rb": [
        1,
        null,
        1,
        1,
        2,
        null,
        1,
        1,
        null,
        null,
        null,
        null,
        null,
        null
      ],
      "/Users/achan/repos/basechurch/spec/routing/posts_routing_spec.rb": [
        1,
        null,
        1,
        1,
        2,
        null,
        1,
        1,
        null,
        null,
        null,
        null,
        null
      ],
      "/Users/achan/repos/basechurch/spec/validators/iso8601_validator_spec.rb": [
        1,
        null,
        1,
        3,
        3,
        3,
        null,
        1,
        3,
        null,
        1,
        2,
        2,
        2,
        null,
        null,
        1,
        2,
        2,
        2,
        null,
        null,
        null
      ],
      "/Users/achan/repos/basechurch/app/models/attachment.rb": [
        1,
        1,
        null,
        1,
        null
      ],
      "/Users/achan/repos/basechurch/app/controllers/api/v1/announcements_controller.rb": [
        1,
        1,
        null,
        null
      ],
      "/Users/achan/repos/basechurch/app/controllers/application_resource_controller.rb": [
        1,
        1,
        1,
        1,
        1,
        null,
        1,
        null,
        1,
        null,
        null,
        28,
        null,
        null,
        1,
        20,
        null,
        null
      ],
      "/Users/achan/repos/basechurch/app/lib/basechurch_resource_serializer.rb": [
        1,
        1,
        null,
        1,
        0,
        0,
        0,
        null,
        null
      ],
      "/Users/achan/repos/basechurch/app/controllers/api/v1/bulletins_controller.rb": [
        1,
        1,
        1,
        null,
        1,
        2,
        null,
        null,
        null,
        null,
        2,
        null,
        null,
        1,
        1,
        null,
        null,
        null,
        1,
        2,
        null,
        null,
        1,
        2,
        null,
        null,
        1,
        null,
        1,
        8,
        0,
        null,
        null,
        1,
        6,
        null,
        null,
        1,
        null,
        6,
        null,
        null,
        1,
        4,
        null,
        null
      ],
      "/Users/achan/repos/basechurch/app/value_formatters/iso8601_value_formatter.rb": [
        1,
        1,
        1,
        28,
        null,
        null,
        1,
        10,
        10,
        3,
        3,
        null,
        null,
        null,
        null
      ],
      "/Users/achan/repos/basechurch/app/settings/aws_settings.rb": [
        1,
        1,
        1,
        null
      ],
      "/Users/achan/repos/basechurch/app/controllers/api/v1/groups_controller.rb": [
        1,
        1,
        null,
        null,
        null,
        null,
        null,
        null,
        1,
        1,
        null,
        null,
        null
      ],
      "/Users/achan/repos/basechurch/app/controllers/api/v1/posts_controller.rb": [
        1,
        1,
        null,
        null,
        null,
        null,
        null,
        1,
        1,
        1,
        null,
        null
      ],
      "/Users/achan/repos/basechurch/app/controllers/api/v1/sermons_controller.rb": [
        1,
        1,
        null,
        null,
        null,
        null,
        1,
        1,
        null,
        null,
        null
      ],
      "/Users/achan/repos/basechurch/app/controllers/api/v1/users_controller.rb": [
        1,
        1,
        null,
        null,
        null,
        null,
        null
      ]
    },
    "timestamp": 1498094416
  }
}
